<?xml version="1.0" encoding="utf-8" standalone="no"?>
<!--This file represents the results of running a test suite-->
<test-results name="C:\Program Files (x86)\Jenkins\workspace\StudentWebApp\StudentCRUD.Tests\bin\Debug\StudentCRUD.Tests.dll" total="7" errors="0" failures="0" not-run="0" inconclusive="0" ignored="0" skipped="0" invalid="0" date="2017-07-27" time="06:06:15">
  <environment nunit-version="3.5.0.0" clr-version="4.0.30319.42000" os-version="Microsoft Windows NT 6.1.7601 Service Pack 1" platform="Win32NT" cwd="C:\Program Files (x86)\Jenkins\workspace\StudentWebApp" machine-name="L-2211" user="SYSTEM" user-domain="BIRLASOFT" />
  <culture-info current-culture="en-US" current-uiculture="en-US" />
  <test-suite type="Assembly" name="C:\Program Files (x86)\Jenkins\workspace\StudentWebApp\StudentCRUD.Tests\bin\Debug\StudentCRUD.Tests.dll" executed="True" result="Success" success="True" time="3.166" asserts="0">
    <properties>
      <property name="_PID" value="16604" />
      <property name="_APPDOMAIN" value="domain-" />
    </properties>
    <results>
      <test-suite type="Namespace" name="StudentCRUD" executed="True" result="Success" success="True" time="3.157" asserts="0">
        <results>
          <test-suite type="Namespace" name="Tests" executed="True" result="Success" success="True" time="3.145" asserts="0">
            <results>
              <test-suite type="Namespace" name="Controllers" executed="True" result="Success" success="True" time="3.145" asserts="0">
                <results>
                  <test-suite type="TestFixture" name="HomeControllerTest" executed="True" result="Success" success="True" time="3.143" asserts="0">
                    <results>
                      <test-case name="StudentCRUD.Tests.Controllers.HomeControllerTest.About" executed="True" result="Success" success="True" time="2.919" asserts="1" />
                      <test-case name="StudentCRUD.Tests.Controllers.HomeControllerTest.Contact" executed="True" result="Success" success="True" time="0.011" asserts="1" />
                      <test-case name="StudentCRUD.Tests.Controllers.HomeControllerTest.Create" executed="True" result="Success" success="True" time="0.009" asserts="1" />
                      <test-case name="StudentCRUD.Tests.Controllers.HomeControllerTest.Delete" executed="True" result="Success" success="True" time="0.003" asserts="1" />
                      <test-case name="StudentCRUD.Tests.Controllers.HomeControllerTest.Details" executed="True" result="Success" success="True" time="0.001" asserts="1" />
                      <test-case name="StudentCRUD.Tests.Controllers.HomeControllerTest.Edit" executed="True" result="Success" success="True" time="0.005" asserts="1" />
                      <test-case name="StudentCRUD.Tests.Controllers.HomeControllerTest.Index" executed="True" result="Success" success="True" time="0.001" asserts="4" />
                    </results>
                  </test-suite>
                </results>
              </test-suite>
            </results>
          </test-suite>
        </results>
      </test-suite>
    </results>
  </test-suite>
</test-results>